<?xml version="1.0" encoding="UTF-8"?>
<testng-results ignored="0" total="1" passed="1" failed="0" skipped="0">
  <reporter-output>
  </reporter-output>
  <suite started-at="2024-01-20T15:27:43Z" name="Default suite" finished-at="2024-01-20T15:27:50Z" duration-ms="7116">
    <groups>
    </groups>
    <test started-at="2024-01-20T15:27:43Z" name="Default test" finished-at="2024-01-20T15:27:50Z" duration-ms="7116">
      <class name="prueba.pruebaTest">
        <test-method signature="f()[pri:0, instance:prueba.pruebaTest@7ce026d3]" started-at="2024-01-20T09:27:43Z" name="f" finished-at="2024-01-20T09:27:50Z" duration-ms="7090" status="PASS">
          <reporter-output>
          </reporter-output>
        </test-method> <!-- f -->
      </class> <!-- prueba.pruebaTest -->
    </test> <!-- Default test -->
  </suite> <!-- Default suite -->
</testng-results>
